\BOOKMARK [1][-]{section.1}{\376\377\137\025\212\000}{}% 1
\BOOKMARK [2][-]{subsection.1.1}{\376\377\200\314\146\157\377\032\0002\000D\000G\000S\000\040\116\016\000\040\000A\000I\000G\000C\000\040\0003\000D}{section.1}% 2
\BOOKMARK [2][-]{subsection.1.2}{\376\377\147\054\117\134\116\032\211\201\211\343\121\263\166\204\225\356\230\230}{section.1}% 3
\BOOKMARK [1][-]{section.2}{\376\377\145\160\143\156\116\016\133\236\232\214\213\276\177\156}{}% 4
\BOOKMARK [2][-]{subsection.2.1}{\376\377\200\314\146\157\377\032\000M\000i\000p\000-\000N\000e\000R\000F\000\040\0003\0006\0000\000\040\000c\000o\000u\000n\000t\000e\000r}{section.2}% 5
\BOOKMARK [2][-]{subsection.2.2}{\376\377\162\151\117\123\000\040\000A\377\032\142\315\144\104\116\016\221\315\136\372}{section.2}% 6
\BOOKMARK [2][-]{subsection.2.3}{\376\377\162\151\117\123\000\040\000B\000\040\116\016\000\040\000C}{section.2}% 7
\BOOKMARK [2][-]{subsection.2.4}{\376\377\170\154\116\366\116\016\217\157\116\366}{section.2}% 8
\BOOKMARK [1][-]{section.3}{\376\377\145\271\154\325\151\202\217\360}{}% 9
\BOOKMARK [2][-]{subsection.3.1}{\376\377\116\011\147\141\215\104\116\247\165\037\142\020\215\357\137\204\377\010\173\200\217\360\377\011}{section.3}% 10
\BOOKMARK [1][-]{section.4}{\376\377\137\002\147\204\210\150\217\276\176\337\116\000\116\016\124\010\136\166\156\062\147\323\377\010\117\134\116\032\221\315\160\271\377\011}{}% 11
\BOOKMARK [2][-]{subsection.4.1}{\376\377\116\072\117\125\116\015\200\375\166\364\143\245\124\010\136\166\156\062\147\323\377\037}{section.4}% 12
\BOOKMARK [2][-]{subsection.4.2}{\376\377\230\230\166\356\176\331\121\372\166\204\116\044\171\315\176\337\116\000\215\357\137\204}{section.4}% 13
\BOOKMARK [2][-]{subsection.4.3}{\376\377\117\052\232\330\145\257\166\204\147\204\220\040\377\010\133\236\163\260\176\306\202\202\377\011}{section.4}% 14
\BOOKMARK [2][-]{subsection.4.4}{\376\377\000S\000i\000m\000\050\0003\000\051\000\040\133\371\237\120\116\016\124\010\136\166}{section.4}% 15
\BOOKMARK [2][-]{subsection.4.5}{\376\377\116\044\171\315\207\215\124\010\215\357\137\204\133\371\153\324\116\016\123\326\202\015}{section.4}% 16
\BOOKMARK [1][-]{section.5}{\376\377\116\011\171\315\165\037\142\020\145\271\137\017\133\371\153\324\116\016\122\006\147\220\377\010\117\134\116\032\000\040\000\247\0004\000\040\211\201\154\102\377\011}{}% 17
\BOOKMARK [1][-]{section.6}{\376\377\133\236\232\214\176\323\147\234\116\016\213\346\176\306\122\006\147\220}{}% 18
\BOOKMARK [2][-]{subsection.6.1}{\376\377\124\004\000\040\000P\000a\000r\000t\000\040\123\357\211\306\123\026\176\323\147\234}{section.6}% 19
\BOOKMARK [2][-]{subsection.6.2}{\376\377\213\255\176\303\146\362\176\277\211\343\213\373}{section.6}% 20
\BOOKMARK [2][-]{subsection.6.3}{\376\377\207\215\124\010\157\053\156\070\122\006\147\220}{section.6}% 21
\BOOKMARK [1][-]{section.7}{\376\377\176\323\213\272\116\016\134\100\226\120}{}% 22
